<?xml version="1.0" encoding="UTF-8"?>
<robot generator="Robot 3.2 (Python 3.8.2 on win32)" generated="20200503 21:27:26.453" rpa="false">
<suite id="s1" name="TestSuite1" source="C:\Users\kqin\eclipse-workspace\RobotProject1\Test\TestSuite1.robot">
<kw name="Log" library="BuiltIn" type="setup">
<doc>Logs the given message with the given level.</doc>
<arguments>
<arg>I am inside Test Suite Setup</arg>
</arguments>
<msg timestamp="20200503 21:27:26.736" level="INFO">I am inside Test Suite Setup</msg>
<status status="PASS" starttime="20200503 21:27:26.736" endtime="20200503 21:27:26.736"></status>
</kw>
<test id="s1-t1" name="MyFirstTest">
<kw name="Log" library="BuiltIn" type="setup">
<doc>Logs the given message with the given level.</doc>
<arguments>
<arg>I am inside Test Setup</arg>
</arguments>
<msg timestamp="20200503 21:27:26.737" level="INFO">I am inside Test Setup</msg>
<status status="PASS" starttime="20200503 21:27:26.737" endtime="20200503 21:27:26.737"></status>
</kw>
<kw name="Log" library="BuiltIn">
<doc>Logs the given message with the given level.</doc>
<arguments>
<arg>Hello World...</arg>
</arguments>
<msg timestamp="20200503 21:27:26.738" level="INFO">Hello World...</msg>
<status status="PASS" starttime="20200503 21:27:26.738" endtime="20200503 21:27:26.738"></status>
</kw>
<kw name="Log" library="BuiltIn" type="teardown">
<doc>Logs the given message with the given level.</doc>
<arguments>
<arg>I am inside Test Teardown</arg>
</arguments>
<msg timestamp="20200503 21:27:26.739" level="INFO">I am inside Test Teardown</msg>
<status status="PASS" starttime="20200503 21:27:26.739" endtime="20200503 21:27:26.739"></status>
</kw>
<tags>
<tag>smoke</tag>
</tags>
<status status="PASS" starttime="20200503 21:27:26.736" endtime="20200503 21:27:26.739" critical="yes"></status>
</test>
<test id="s1-t2" name="MySecondTest">
<kw name="Log" library="BuiltIn" type="setup">
<doc>Logs the given message with the given level.</doc>
<arguments>
<arg>I am inside Test Setup</arg>
</arguments>
<msg timestamp="20200503 21:27:26.742" level="INFO">I am inside Test Setup</msg>
<status status="PASS" starttime="20200503 21:27:26.742" endtime="20200503 21:27:26.742"></status>
</kw>
<kw name="Log" library="BuiltIn">
<doc>Logs the given message with the given level.</doc>
<arguments>
<arg>I am inside 2nd test</arg>
</arguments>
<msg timestamp="20200503 21:27:26.742" level="INFO">I am inside 2nd test</msg>
<status status="PASS" starttime="20200503 21:27:26.742" endtime="20200503 21:27:26.743"></status>
</kw>
<kw name="Set Tags" library="BuiltIn">
<doc>Adds given ``tags`` for the current test or all tests in a suite.</doc>
<arguments>
<arg>regression1</arg>
</arguments>
<msg timestamp="20200503 21:27:26.743" level="INFO">Set tag 'regression1'.</msg>
<status status="PASS" starttime="20200503 21:27:26.743" endtime="20200503 21:27:26.743"></status>
</kw>
<kw name="Remove Tags" library="BuiltIn">
<doc>Removes given ``tags`` from the current test or all tests in a suite.</doc>
<arguments>
<arg>regression1</arg>
</arguments>
<msg timestamp="20200503 21:27:26.744" level="INFO">Removed tag 'regression1'.</msg>
<status status="PASS" starttime="20200503 21:27:26.744" endtime="20200503 21:27:26.744"></status>
</kw>
<kw name="Log" library="BuiltIn" type="teardown">
<doc>Logs the given message with the given level.</doc>
<arguments>
<arg>I am inside Test Teardown</arg>
</arguments>
<msg timestamp="20200503 21:27:26.745" level="INFO">I am inside Test Teardown</msg>
<status status="PASS" starttime="20200503 21:27:26.744" endtime="20200503 21:27:26.745"></status>
</kw>
<tags>
<tag>sanity</tag>
</tags>
<status status="PASS" starttime="20200503 21:27:26.741" endtime="20200503 21:27:26.745" critical="yes"></status>
</test>
<test id="s1-t3" name="MyThirdTest">
<kw name="Log" library="BuiltIn" type="setup">
<doc>Logs the given message with the given level.</doc>
<arguments>
<arg>I am inside Test Setup</arg>
</arguments>
<msg timestamp="20200503 21:27:26.746" level="INFO">I am inside Test Setup</msg>
<status status="PASS" starttime="20200503 21:27:26.746" endtime="20200503 21:27:26.747"></status>
</kw>
<kw name="Log" library="BuiltIn">
<doc>Logs the given message with the given level.</doc>
<arguments>
<arg>I am inside 3rd test</arg>
</arguments>
<msg timestamp="20200503 21:27:26.747" level="INFO">I am inside 3rd test</msg>
<status status="PASS" starttime="20200503 21:27:26.747" endtime="20200503 21:27:26.747"></status>
</kw>
<kw name="Log" library="BuiltIn" type="teardown">
<doc>Logs the given message with the given level.</doc>
<arguments>
<arg>I am inside Test Teardown</arg>
</arguments>
<msg timestamp="20200503 21:27:26.747" level="INFO">I am inside Test Teardown</msg>
<status status="PASS" starttime="20200503 21:27:26.747" endtime="20200503 21:27:26.747"></status>
</kw>
<tags>
<tag>sanity</tag>
</tags>
<status status="PASS" starttime="20200503 21:27:26.746" endtime="20200503 21:27:26.747" critical="yes"></status>
</test>
<kw name="Log" library="BuiltIn" type="teardown">
<doc>Logs the given message with the given level.</doc>
<arguments>
<arg>I am insdie Test Suite Teardown</arg>
</arguments>
<msg timestamp="20200503 21:27:26.749" level="INFO">I am insdie Test Suite Teardown</msg>
<status status="PASS" starttime="20200503 21:27:26.748" endtime="20200503 21:27:26.749"></status>
</kw>
<status status="PASS" starttime="20200503 21:27:26.455" endtime="20200503 21:27:26.749"></status>
</suite>
<statistics>
<total>
<stat pass="3" fail="0">Critical Tests</stat>
<stat pass="3" fail="0">All Tests</stat>
</total>
<tag>
<stat pass="2" fail="0">sanity</stat>
<stat pass="1" fail="0">smoke</stat>
</tag>
<suite>
<stat pass="3" fail="0" id="s1" name="TestSuite1">TestSuite1</stat>
</suite>
</statistics>
<errors>
</errors>
</robot>
